<?xml version="1.0" encoding="UTF-8"?>
<!-- Generated by org.testng.reporters.JUnitReportReporter -->
<testsuite hostname="Yugandhar" failures="0" tests="2" name="Testng_package.SameTest_Multiple" time="37.396" errors="0" timestamp="2025-08-18T14:12:00 IST" skipped="0">
  <testcase classname="Testng_package.SameTest_Multiple" name="search" time="18.488"/>
  <testcase classname="Testng_package.SameTest_Multiple" name="search" time="18.908"/>
</testsuite> <!-- Testng_package.SameTest_Multiple -->
