<?xml version="1.0" encoding="UTF-8"?>
<!-- Generated by org.testng.reporters.JUnitReportReporter -->
<testsuite hostname="Yugandhar" failures="0" tests="3" name="Testng_package.Dependent_TC" time="66.380" errors="0" timestamp="2025-08-18T14:38:19 IST" skipped="0">
  <testcase classname="Testng_package.Dependent_TC" name="search" time="32.666"/>
  <testcase classname="Testng_package.Dependent_TC" name="login" time="21.455"/>
  <testcase classname="Testng_package.Dependent_TC" name="logout" time="12.259"/>
</testsuite> <!-- Testng_package.Dependent_TC -->
