<?xml version="1.0" encoding="UTF-8"?>
<!-- Generated by org.testng.reporters.JUnitReportReporter -->
<testsuite hostname="Yugandhar" failures="0" tests="3" name="Testng_package.Enable_TC" time="40.669" errors="0" timestamp="2025-08-18T15:08:39 IST" skipped="1">
  <testcase classname="Testng_package.Enable_TC" name="logout" time="11.543"/>
  <testcase classname="Testng_package.Enable_TC" name="login" time="29.126"/>
  <testcase classname="Testng_package.Enable_TC" name="search">
    <skipped/>
  </testcase> <!-- search -->
</testsuite> <!-- Testng_package.Enable_TC -->
