<?xml version="1.0" encoding="UTF-8"?>
<testng-results ignored="0" total="1" passed="1" failed="0" skipped="0">
  <reporter-output>
  </reporter-output>
  <suite started-at="2025-08-18T15:16:37 IST" name="Default suite" finished-at="2025-08-18T15:16:41 IST" duration-ms="4004">
    <groups>
    </groups>
    <test started-at="2025-08-18T15:16:37 IST" name="Default test" finished-at="2025-08-18T15:16:41 IST" duration-ms="4004">
      <class name="Testng_package.Login_test">
        <test-method is-config="true" signature="setup()[pri:0, instance:Testng_package.Login_test@26794848]" started-at="2025-08-18T15:16:37 IST" name="setup" finished-at="2025-08-18T15:16:38 IST" duration-ms="1056" status="PASS">
          <reporter-output>
          </reporter-output>
        </test-method> <!-- setup -->
        <test-method signature="testLogin(java.lang.String,java.lang.String)[pri:0, instance:Testng_package.Login_test@26794848]" started-at="2025-08-18T15:16:39 IST" name="testLogin" finished-at="2025-08-18T15:16:41 IST" duration-ms="2818" status="PASS">
          <params>
            <param index="0">
              <value>
                <![CDATA[username]]>
              </value>
            </param>
            <param index="1">
              <value>
                <![CDATA[password]]>
              </value>
            </param>
          </params>
          <reporter-output>
          </reporter-output>
        </test-method> <!-- testLogin -->
        <test-method is-config="true" signature="tearDown()[pri:0, instance:Testng_package.Login_test@26794848]" started-at="2025-08-18T15:16:41 IST" name="tearDown" finished-at="2025-08-18T15:16:41 IST" duration-ms="104" status="PASS">
          <reporter-output>
          </reporter-output>
        </test-method> <!-- tearDown -->
      </class> <!-- Testng_package.Login_test -->
    </test> <!-- Default test -->
  </suite> <!-- Default suite -->
</testng-results>
